# This is the CMakeCache file.
# For build in directory: d:/ncs-D/v2.7.0-rc3/build
# It was generated by CMake: C:/Program Files/CMake/bin/cmake.exe
# You can edit this file to change values found and used by cmake.
# If you do not want to change any of the values, simply exit the editor.
# If you do want to change a value, simply edit, save, and exit the editor.
# The syntax for the file is as follows:
# KEY:TYPE=VALUE
# KEY is the name of a variable in the cache.
# TYPE is a hint to GUIs for the type of VALUE, DO NOT EDIT TYPE!.
# VALUE is the current value for the KEY.

########################
# EXTERNAL cache entries
########################

//Application Binary Directory
APPLICATION_BINARY_DIR:PATH=D:/ncs-D/v2.7.0-rc3/build

//Application Source Directory
APPLICATION_SOURCE_DIR:PATH=D:/ncs-D/v2.7.0-rc3/zephyr/share/sysbuild/template

//No help, variable specified on the command line.
APP_DIR:PATH=D:/ncs-D/v2.7.0-rc3/zephyr/samples/hello_world

//Selected board
BOARD:STRING=qemu_cortex_m3

//Board directory for board (qemu_cortex_m3)
BOARD_DIR:PATH=D:/ncs-D/v2.7.0-rc3/zephyr/boards/qemu/cortex_m3

//Support board extensions
BOARD_EXTENSIONS:BOOL=ON

//Selected board
CACHED_BOARD:STRING=qemu_cortex_m3

//Selected shield
CACHED_SHIELD:STRING=

//Enable/Disable output of compile commands during generation.
CMAKE_EXPORT_COMPILE_COMMANDS:BOOL=

//Value Computed by CMake.
CMAKE_FIND_PACKAGE_REDIRECTS_DIR:STATIC=D:/ncs-D/v2.7.0-rc3/build/CMakeFiles/pkgRedirects

//Install path prefix, prepended onto install directories.
CMAKE_INSTALL_PREFIX:PATH=C:/Program Files (x86)/sysbuild_toplevel

//Program used to build from build.ninja files.
CMAKE_MAKE_PROGRAM:FILEPATH=C:/ProgramData/chocolatey/bin/ninja.exe

//Value Computed by CMake
CMAKE_PROJECT_DESCRIPTION:STATIC=

//Value Computed by CMake
CMAKE_PROJECT_HOMEPAGE_URL:STATIC=

//Value Computed by CMake
CMAKE_PROJECT_NAME:STATIC=sysbuild_toplevel

//If set, runtime paths are not added when installing shared libraries,
// but are added when building.
CMAKE_SKIP_INSTALL_RPATH:BOOL=NO

//If set, runtime paths are not added when using shared libraries.
CMAKE_SKIP_RPATH:BOOL=NO

//If this value is on, makefiles will be generated without the
// .SILENT directive, and all commands will be echoed to the console
// during the make.  This is useful for debugging only. With Visual
// Studio IDE projects all commands are done without /nologo.
CMAKE_VERBOSE_MAKEFILE:BOOL=FALSE

//No help, variable specified on the command line.
WEST_PYTHON:UNINITIALIZED=C:/Users/Nader/AppData/Local/Programs/Python/Python313/python.exe

//Zephyr base
ZEPHYR_BASE:PATH=D:/ncs-D/v2.7.0-rc3/zephyr

//The directory containing a CMake configuration file for Zephyr.
Zephyr_DIR:PATH=D:/ncs-D/v2.7.0-rc3/zephyr/share/zephyr-package/cmake

//Value Computed by CMake
sysbuild_BINARY_DIR:STATIC=D:/ncs-D/v2.7.0-rc3/build/_sysbuild

//Value Computed by CMake
sysbuild_IS_TOP_LEVEL:STATIC=OFF

//Value Computed by CMake
sysbuild_SOURCE_DIR:STATIC=D:/ncs-D/v2.7.0-rc3/zephyr/share/sysbuild/template

//Value Computed by CMake
sysbuild_toplevel_BINARY_DIR:STATIC=D:/ncs-D/v2.7.0-rc3/build

//Value Computed by CMake
sysbuild_toplevel_IS_TOP_LEVEL:STATIC=ON

//Value Computed by CMake
sysbuild_toplevel_SOURCE_DIR:STATIC=D:/ncs-D/v2.7.0-rc3/zephyr/share/sysbuild


########################
# INTERNAL cache entries
########################

//This is the directory where this CMakeCache.txt was created
CMAKE_CACHEFILE_DIR:INTERNAL=d:/ncs-D/v2.7.0-rc3/build
//Major version of cmake used to create the current loaded cache
CMAKE_CACHE_MAJOR_VERSION:INTERNAL=3
//Minor version of cmake used to create the current loaded cache
CMAKE_CACHE_MINOR_VERSION:INTERNAL=25
//Patch version of cmake used to create the current loaded cache
CMAKE_CACHE_PATCH_VERSION:INTERNAL=1
//Path to CMake executable.
CMAKE_COMMAND:INTERNAL=C:/Program Files/CMake/bin/cmake.exe
//Path to cpack program executable.
CMAKE_CPACK_COMMAND:INTERNAL=C:/Program Files/CMake/bin/cpack.exe
//Path to ctest program executable.
CMAKE_CTEST_COMMAND:INTERNAL=C:/Program Files/CMake/bin/ctest.exe
//Path to cache edit program executable.
CMAKE_EDIT_COMMAND:INTERNAL=C:/Program Files/CMake/bin/cmake-gui.exe
//ADVANCED property for variable: CMAKE_EXPORT_COMPILE_COMMANDS
CMAKE_EXPORT_COMPILE_COMMANDS-ADVANCED:INTERNAL=1
//Name of external makefile project generator.
CMAKE_EXTRA_GENERATOR:INTERNAL=
//Name of generator.
CMAKE_GENERATOR:INTERNAL=Ninja
//Generator instance identifier.
CMAKE_GENERATOR_INSTANCE:INTERNAL=
//Name of generator platform.
CMAKE_GENERATOR_PLATFORM:INTERNAL=
//Name of generator toolset.
CMAKE_GENERATOR_TOOLSET:INTERNAL=
//Source directory with the top level CMakeLists.txt file for this
// project
CMAKE_HOME_DIRECTORY:INTERNAL=D:/ncs-D/v2.7.0-rc3/zephyr/share/sysbuild
//ADVANCED property for variable: CMAKE_MAKE_PROGRAM
CMAKE_MAKE_PROGRAM-ADVANCED:INTERNAL=1
//number of local generators
CMAKE_NUMBER_OF_MAKEFILES:INTERNAL=8
//Platform information initialized
CMAKE_PLATFORM_INFO_INITIALIZED:INTERNAL=1
//Path to CMake installation.
CMAKE_ROOT:INTERNAL=C:/Program Files/CMake/share/cmake-3.25
//ADVANCED property for variable: CMAKE_SKIP_INSTALL_RPATH
CMAKE_SKIP_INSTALL_RPATH-ADVANCED:INTERNAL=1
//ADVANCED property for variable: CMAKE_SKIP_RPATH
CMAKE_SKIP_RPATH-ADVANCED:INTERNAL=1
//ADVANCED property for variable: CMAKE_VERBOSE_MAKEFILE
CMAKE_VERBOSE_MAKEFILE-ADVANCED:INTERNAL=1
//Details about finding Python3
FIND_PACKAGE_MESSAGE_DETAILS_Python3:INTERNAL=[C:/Users/Nader/AppData/Local/Programs/Python/Python313/python.exe][cfound components: Interpreter ][v3.13.0(3.8)]
//Zephyr hardware model version
HWM:INTERNAL=v2
//Zephyr hardware model
HWMv2:INTERNAL=True
//West
WEST:INTERNAL=C:/Users/Nader/AppData/Local/Programs/Python/Python313/python.exe;-m;west
//Compiler reason failure
_Python3_Compiler_REASON_FAILURE:INTERNAL=
//Development reason failure
_Python3_Development_REASON_FAILURE:INTERNAL=
_Python3_EXECUTABLE:INTERNAL=C:/Users/Nader/AppData/Local/Programs/Python/Python313/python.exe
//Python3 Properties
_Python3_INTERPRETER_PROPERTIES:INTERNAL=Python;3;13;0;64;;cp313-win_amd64;C:\Users\Nader\AppData\Local\Programs\Python\Python313\Lib;C:\Users\Nader\AppData\Local\Programs\Python\Python313\Lib;C:\Users\Nader\AppData\Local\Programs\Python\Python313\Lib\site-packages;C:\Users\Nader\AppData\Local\Programs\Python\Python313\Lib\site-packages
_Python3_INTERPRETER_SIGNATURE:INTERNAL=0f82f24b8e513020ee85b02685894063
//NumPy reason failure
_Python3_NumPy_REASON_FAILURE:INTERNAL=

